Arguments: 
  C:\Program Files\nodejs\node.exe C:\Users\Matt Tedder\AppData\Roaming\npm\node_modules\yarn\bin\yarn.js add NodeGeoCoder

PATH: 
  C:\Program Files\Git\mingw64\bin;C:\Program Files\Git\usr\bin;C:\Users\Matt Tedder\bin;C:\Users\Matt Tedder\AppData\Roaming\Python\Python37\Scripts;C:\Program Files\Java\jdk1.8.0_181\bin;C:\WINDOWS\system32;C:\WINDOWS;C:\WINDOWS\System32\Wbem;C:\WINDOWS\System32\WindowsPowerShell\v1.0;C:\Program Files\nodejs;C:\WINDOWS\System32\OpenSSH;C:\Program Files\MongoDB\Server\4.0\bin;C:\Program Files\Git\cmd;C:\Program Files\Microsoft VS Code\bin;C:\Users\Matt Tedder\AppData\Local\Programs\Python\Python37-32\Scripts;C:\Users\Matt Tedder\AppData\Local\Programs\Python\Python37-32;C:\Users\Matt Tedder\AppData\Local\Microsoft\WindowsApps;C:\Users\Matt Tedder\AppData\Roaming\Python\Python37\Scripts;C:\Program Files\Microsoft VS Code\bin;C:\Program Files\Heroku\bin;C:\Users\Matt Tedder\AppData\Roaming\npm

Yarn version: 
  1.7.0

Node version: 
  8.9.4

Platform: 
  win32 x64

Trace: 
  Error: https://registry.yarnpkg.com/NodeGeoCoder: Not found
      at Request.params.callback [as _callback] (C:\Users\Matt Tedder\AppData\Roaming\npm\node_modules\yarn\lib\cli.js:65656:18)
      at Request.self.callback (C:\Users\Matt Tedder\AppData\Roaming\npm\node_modules\yarn\lib\cli.js:134675:22)
      at emitTwo (events.js:126:13)
      at Request.emit (events.js:214:7)
      at Request.<anonymous> (C:\Users\Matt Tedder\AppData\Roaming\npm\node_modules\yarn\lib\cli.js:135658:10)
      at emitOne (events.js:116:13)
      at Request.emit (events.js:211:7)
      at IncomingMessage.<anonymous> (C:\Users\Matt Tedder\AppData\Roaming\npm\node_modules\yarn\lib\cli.js:135578:12)
      at Object.onceWrapper (events.js:313:30)
      at emitNone (events.js:111:20)

npm manifest: 
  {
    "dependencies": {}
  }

yarn manifest: 
  No manifest

Lockfile: 
  # THIS IS AN AUTOGENERATED FILE. DO NOT EDIT THIS FILE DIRECTLY.
  # yarn lockfile v1
